{"D:\\QUARKS_OS\\src\\backend\\src\\agents\\base.js": {"path":"D:\\QUARKS_OS\\src\\backend\\src\\agents\\base.js","statementMap":{"0":{"start":{"line":3,"column":8},"end":{"line":3,"column":25}},"1":{"start":{"line":7,"column":8},"end":{"line":7,"column":58}},"2":{"start":{"line":8,"column":8},"end":{"line":8,"column":50}},"3":{"start":{"line":12,"column":0},"end":{"line":12,"column":33}}},"fnMap":{"0":{"name":"(anonymous_0)","decl":{"start":{"line":2,"column":4},"end":{"line":2,"column":5}},"loc":{"start":{"line":2,"column":22},"end":{"line":4,"column":5}},"line":2},"1":{"name":"(anonymous_1)","decl":{"start":{"line":6,"column":4},"end":{"line":6,"column":5}},"loc":{"start":{"line":6,"column":35},"end":{"line":9,"column":5}},"line":6}},"branchMap":{},"s":{"0":4,"1":0,"2":0,"3":3},"f":{"0":4,"1":0},"b":{},"_coverageSchema":"1a1c01bbd47fc00a2c39e90264f33305004495a9","hash":"954fca410766759c44af4fe9ed5c33d5f61860ce"}
,"D:\\QUARKS_OS\\src\\backend\\src\\agents\\calc-domain\\index.js": {"path":"D:\\QUARKS_OS\\src\\backend\\src\\agents\\calc-domain\\index.js","statementMap":{"0":{"start":{"line":1,"column":24},"end":{"line":1,"column":42}},"1":{"start":{"line":2,"column":14},"end":{"line":2,"column":30}},"2":{"start":{"line":6,"column":8},"end":{"line":6,"column":22}},"3":{"start":{"line":7,"column":8},"end":{"line":7,"column":80}},"4":{"start":{"line":11,"column":8},"end":{"line":11,"column":63}},"5":{"start":{"line":13,"column":8},"end":{"line":22,"column":9}},"6":{"start":{"line":15,"column":16},"end":{"line":15,"column":75}},"7":{"start":{"line":17,"column":16},"end":{"line":17,"column":115}},"8":{"start":{"line":19,"column":16},"end":{"line":19,"column":101}},"9":{"start":{"line":21,"column":16},"end":{"line":21,"column":61}},"10":{"start":{"line":26,"column":8},"end":{"line":45,"column":9}},"11":{"start":{"line":28,"column":29},"end":{"line":31,"column":14}},"12":{"start":{"line":33,"column":25},"end":{"line":33,"column":38}},"13":{"start":{"line":34,"column":12},"end":{"line":40,"column":14}},"14":{"start":{"line":42,"column":12},"end":{"line":42,"column":71}},"15":{"start":{"line":44,"column":12},"end":{"line":44,"column":98}},"16":{"start":{"line":49,"column":8},"end":{"line":68,"column":9}},"17":{"start":{"line":50,"column":12},"end":{"line":50,"column":125}},"18":{"start":{"line":52,"column":28},"end":{"line":52,"column":83}},"19":{"start":{"line":54,"column":29},"end":{"line":58,"column":14}},"20":{"start":{"line":60,"column":12},"end":{"line":63,"column":14}},"21":{"start":{"line":65,"column":12},"end":{"line":65,"column":68}},"22":{"start":{"line":66,"column":12},"end":{"line":66,"column":78}},"23":{"start":{"line":66,"column":32},"end":{"line":66,"column":78}},"24":{"start":{"line":67,"column":12},"end":{"line":67,"column":72}},"25":{"start":{"line":72,"column":8},"end":{"line":101,"column":9}},"26":{"start":{"line":73,"column":12},"end":{"line":73,"column":81}},"27":{"start":{"line":76,"column":27},"end":{"line":76,"column":36}},"28":{"start":{"line":77,"column":12},"end":{"line":81,"column":13}},"29":{"start":{"line":78,"column":16},"end":{"line":78,"column":39}},"30":{"start":{"line":79,"column":19},"end":{"line":81,"column":13}},"31":{"start":{"line":80,"column":16},"end":{"line":80,"column":35}},"32":{"start":{"line":83,"column":29},"end":{"line":87,"column":14}},"33":{"start":{"line":90,"column":12},"end":{"line":94,"column":14}},"34":{"start":{"line":96,"column":12},"end":{"line":96,"column":71}},"35":{"start":{"line":97,"column":12},"end":{"line":97,"column":78}},"36":{"start":{"line":97,"column":32},"end":{"line":97,"column":78}},"37":{"start":{"line":100,"column":12},"end":{"line":100,"column":50}},"38":{"start":{"line":105,"column":0},"end":{"line":105,"column":39}}},"fnMap":{"0":{"name":"(anonymous_0)","decl":{"start":{"line":5,"column":4},"end":{"line":5,"column":5}},"loc":{"start":{"line":5,"column":18},"end":{"line":8,"column":5}},"line":5},"1":{"name":"(anonymous_1)","decl":{"start":{"line":10,"column":4},"end":{"line":10,"column":5}},"loc":{"start":{"line":10,"column":35},"end":{"line":23,"column":5}},"line":10},"2":{"name":"(anonymous_2)","decl":{"start":{"line":25,"column":4},"end":{"line":25,"column":5}},"loc":{"start":{"line":25,"column":43},"end":{"line":46,"column":5}},"line":25},"3":{"name":"(anonymous_3)","decl":{"start":{"line":48,"column":4},"end":{"line":48,"column":5}},"loc":{"start":{"line":48,"column":67},"end":{"line":69,"column":5}},"line":48},"4":{"name":"(anonymous_4)","decl":{"start":{"line":71,"column":4},"end":{"line":71,"column":5}},"loc":{"start":{"line":71,"column":53},"end":{"line":102,"column":5}},"line":71}},"branchMap":{"0":{"loc":{"start":{"line":7,"column":25},"end":{"line":7,"column":79}},"type":"binary-expr","locations":[{"start":{"line":7,"column":25},"end":{"line":7,"column":52}},{"start":{"line":7,"column":56},"end":{"line":7,"column":79}}],"line":7},"1":{"loc":{"start":{"line":13,"column":8},"end":{"line":22,"column":9}},"type":"switch","locations":[{"start":{"line":14,"column":12},"end":{"line":15,"column":75}},{"start":{"line":16,"column":12},"end":{"line":17,"column":115}},{"start":{"line":18,"column":12},"end":{"line":19,"column":101}},{"start":{"line":20,"column":12},"end":{"line":21,"column":61}}],"line":13},"2":{"loc":{"start":{"line":66,"column":12},"end":{"line":66,"column":78}},"type":"if","locations":[{"start":{"line":66,"column":12},"end":{"line":66,"column":78}},{"start":{},"end":{}}],"line":66},"3":{"loc":{"start":{"line":77,"column":12},"end":{"line":81,"column":13}},"type":"if","locations":[{"start":{"line":77,"column":12},"end":{"line":81,"column":13}},{"start":{"line":79,"column":19},"end":{"line":81,"column":13}}],"line":77},"4":{"loc":{"start":{"line":77,"column":16},"end":{"line":77,"column":116}},"type":"binary-expr","locations":[{"start":{"line":77,"column":16},"end":{"line":77,"column":27}},{"start":{"line":77,"column":31},"end":{"line":77,"column":116}}],"line":77},"5":{"loc":{"start":{"line":79,"column":19},"end":{"line":81,"column":13}},"type":"if","locations":[{"start":{"line":79,"column":19},"end":{"line":81,"column":13}},{"start":{},"end":{}}],"line":79},"6":{"loc":{"start":{"line":79,"column":23},"end":{"line":79,"column":67}},"type":"binary-expr","locations":[{"start":{"line":79,"column":23},"end":{"line":79,"column":34}},{"start":{"line":79,"column":38},"end":{"line":79,"column":67}}],"line":79},"7":{"loc":{"start":{"line":97,"column":12},"end":{"line":97,"column":78}},"type":"if","locations":[{"start":{"line":97,"column":12},"end":{"line":97,"column":78}},{"start":{},"end":{}}],"line":97}},"s":{"0":2,"1":2,"2":2,"3":2,"4":0,"5":0,"6":0,"7":0,"8":0,"9":0,"10":2,"11":2,"12":1,"13":1,"14":1,"15":1,"16":0,"17":0,"18":0,"19":0,"20":0,"21":0,"22":0,"23":0,"24":0,"25":0,"26":0,"27":0,"28":0,"29":0,"30":0,"31":0,"32":0,"33":0,"34":0,"35":0,"36":0,"37":0,"38":2},"f":{"0":2,"1":0,"2":2,"3":0,"4":0},"b":{"0":[2,2],"1":[0,0,0,0],"2":[0,0],"3":[0,0],"4":[0,0],"5":[0,0],"6":[0,0],"7":[0,0]},"_coverageSchema":"1a1c01bbd47fc00a2c39e90264f33305004495a9","hash":"a3016b3f17bafdb0d8bc79fa4a643b3037a18127"}
,"D:\\QUARKS_OS\\src\\backend\\src\\agents\\pricing-domain\\index.js": {"path":"D:\\QUARKS_OS\\src\\backend\\src\\agents\\pricing-domain\\index.js","statementMap":{"0":{"start":{"line":1,"column":24},"end":{"line":1,"column":42}},"1":{"start":{"line":2,"column":25},"end":{"line":2,"column":50}},"2":{"start":{"line":3,"column":15},"end":{"line":3,"column":33}},"3":{"start":{"line":7,"column":8},"end":{"line":7,"column":25}},"4":{"start":{"line":11,"column":8},"end":{"line":11,"column":66}},"5":{"start":{"line":13,"column":8},"end":{"line":30,"column":9}},"6":{"start":{"line":15,"column":16},"end":{"line":15,"column":58}},"7":{"start":{"line":17,"column":16},"end":{"line":17,"column":52}},"8":{"start":{"line":19,"column":16},"end":{"line":19,"column":53}},"9":{"start":{"line":21,"column":16},"end":{"line":21,"column":54}},"10":{"start":{"line":23,"column":16},"end":{"line":23,"column":54}},"11":{"start":{"line":25,"column":16},"end":{"line":25,"column":71}},"12":{"start":{"line":27,"column":16},"end":{"line":27,"column":57}},"13":{"start":{"line":29,"column":16},"end":{"line":29,"column":61}},"14":{"start":{"line":34,"column":21},"end":{"line":34,"column":75}},"15":{"start":{"line":35,"column":8},"end":{"line":35,"column":60}},"16":{"start":{"line":35,"column":19},"end":{"line":35,"column":60}},"17":{"start":{"line":36,"column":8},"end":{"line":36,"column":20}},"18":{"start":{"line":43,"column":22},"end":{"line":43,"column":37}},"19":{"start":{"line":46,"column":21},"end":{"line":53,"column":10}},"20":{"start":{"line":55,"column":8},"end":{"line":57,"column":9}},"21":{"start":{"line":56,"column":12},"end":{"line":56,"column":24}},"22":{"start":{"line":60,"column":28},"end":{"line":63,"column":10}},"23":{"start":{"line":65,"column":8},"end":{"line":67,"column":9}},"24":{"start":{"line":66,"column":12},"end":{"line":66,"column":55}},"25":{"start":{"line":70,"column":8},"end":{"line":79,"column":10}},"26":{"start":{"line":83,"column":8},"end":{"line":83,"column":120}},"27":{"start":{"line":86,"column":25},"end":{"line":102,"column":10}},"28":{"start":{"line":104,"column":31},"end":{"line":104,"column":32}},"29":{"start":{"line":105,"column":26},"end":{"line":105,"column":28}},"30":{"start":{"line":107,"column":8},"end":{"line":142,"column":9}},"31":{"start":{"line":112,"column":28},"end":{"line":112,"column":71}},"32":{"start":{"line":112,"column":53},"end":{"line":112,"column":70}},"33":{"start":{"line":113,"column":12},"end":{"line":113,"column":83}},"34":{"start":{"line":113,"column":28},"end":{"line":113,"column":83}},"35":{"start":{"line":113,"column":65},"end":{"line":113,"column":81}},"36":{"start":{"line":115,"column":12},"end":{"line":118,"column":13}},"37":{"start":{"line":116,"column":16},"end":{"line":116,"column":104}},"38":{"start":{"line":117,"column":16},"end":{"line":117,"column":25}},"39":{"start":{"line":120,"column":23},"end":{"line":120,"column":24}},"40":{"start":{"line":121,"column":12},"end":{"line":134,"column":13}},"41":{"start":{"line":123,"column":20},"end":{"line":123,"column":48}},"42":{"start":{"line":124,"column":20},"end":{"line":124,"column":26}},"43":{"start":{"line":126,"column":20},"end":{"line":126,"column":71}},"44":{"start":{"line":127,"column":20},"end":{"line":127,"column":26}},"45":{"start":{"line":130,"column":20},"end":{"line":130,"column":109}},"46":{"start":{"line":131,"column":20},"end":{"line":131,"column":26}},"47":{"start":{"line":133,"column":20},"end":{"line":133,"column":26}},"48":{"start":{"line":136,"column":12},"end":{"line":136,"column":37}},"49":{"start":{"line":137,"column":12},"end":{"line":141,"column":14}},"50":{"start":{"line":144,"column":8},"end":{"line":147,"column":10}},"51":{"start":{"line":151,"column":8},"end":{"line":151,"column":65}},"52":{"start":{"line":151,"column":18},"end":{"line":151,"column":65}},"53":{"start":{"line":153,"column":28},"end":{"line":153,"column":80}},"54":{"start":{"line":154,"column":8},"end":{"line":154,"column":129}},"55":{"start":{"line":157,"column":27},"end":{"line":157,"column":28}},"56":{"start":{"line":160,"column":8},"end":{"line":171,"column":9}},"57":{"start":{"line":161,"column":12},"end":{"line":165,"column":13}},"58":{"start":{"line":162,"column":16},"end":{"line":164,"column":17}},"59":{"start":{"line":163,"column":20},"end":{"line":163,"column":75}},"60":{"start":{"line":166,"column":15},"end":{"line":171,"column":9}},"61":{"start":{"line":168,"column":12},"end":{"line":168,"column":37}},"62":{"start":{"line":170,"column":12},"end":{"line":170,"column":101}},"63":{"start":{"line":173,"column":8},"end":{"line":173,"column":89}},"64":{"start":{"line":176,"column":25},"end":{"line":176,"column":77}},"65":{"start":{"line":177,"column":8},"end":{"line":177,"column":86}},"66":{"start":{"line":180,"column":21},"end":{"line":180,"column":69}},"67":{"start":{"line":181,"column":23},"end":{"line":181,"column":48}},"68":{"start":{"line":182,"column":20},"end":{"line":182,"column":40}},"69":{"start":{"line":186,"column":26},"end":{"line":186,"column":55}},"70":{"start":{"line":189,"column":32},"end":{"line":189,"column":56}},"71":{"start":{"line":190,"column":27},"end":{"line":190,"column":54}},"72":{"start":{"line":192,"column":8},"end":{"line":192,"column":78}},"73":{"start":{"line":193,"column":8},"end":{"line":193,"column":102}},"74":{"start":{"line":194,"column":8},"end":{"line":194,"column":80}},"75":{"start":{"line":196,"column":8},"end":{"line":211,"column":10}},"76":{"start":{"line":217,"column":8},"end":{"line":220,"column":11}},"77":{"start":{"line":224,"column":68},"end":{"line":224,"column":72}},"78":{"start":{"line":226,"column":8},"end":{"line":228,"column":9}},"79":{"start":{"line":227,"column":12},"end":{"line":227,"column":84}},"80":{"start":{"line":230,"column":8},"end":{"line":239,"column":11}},"81":{"start":{"line":243,"column":24},"end":{"line":243,"column":93}},"82":{"start":{"line":244,"column":21},"end":{"line":244,"column":23}},"83":{"start":{"line":246,"column":8},"end":{"line":254,"column":9}},"84":{"start":{"line":247,"column":12},"end":{"line":253,"column":13}},"85":{"start":{"line":248,"column":16},"end":{"line":252,"column":17}},"86":{"start":{"line":249,"column":20},"end":{"line":249,"column":54}},"87":{"start":{"line":251,"column":20},"end":{"line":251,"column":42}},"88":{"start":{"line":256,"column":8},"end":{"line":259,"column":11}},"89":{"start":{"line":264,"column":8},"end":{"line":267,"column":11}},"90":{"start":{"line":271,"column":0},"end":{"line":271,"column":42}}},"fnMap":{"0":{"name":"(anonymous_0)","decl":{"start":{"line":6,"column":4},"end":{"line":6,"column":5}},"loc":{"start":{"line":6,"column":18},"end":{"line":8,"column":5}},"line":6},"1":{"name":"(anonymous_1)","decl":{"start":{"line":10,"column":4},"end":{"line":10,"column":5}},"loc":{"start":{"line":10,"column":35},"end":{"line":31,"column":5}},"line":10},"2":{"name":"(anonymous_2)","decl":{"start":{"line":33,"column":4},"end":{"line":33,"column":5}},"loc":{"start":{"line":33,"column":22},"end":{"line":37,"column":5}},"line":33},"3":{"name":"(anonymous_3)","decl":{"start":{"line":42,"column":4},"end":{"line":42,"column":5}},"loc":{"start":{"line":42,"column":39},"end":{"line":80,"column":5}},"line":42},"4":{"name":"(anonymous_4)","decl":{"start":{"line":82,"column":4},"end":{"line":82,"column":5}},"loc":{"start":{"line":82,"column":52},"end":{"line":148,"column":5}},"line":82},"5":{"name":"(anonymous_5)","decl":{"start":{"line":112,"column":48},"end":{"line":112,"column":49}},"loc":{"start":{"line":112,"column":53},"end":{"line":112,"column":70}},"line":112},"6":{"name":"(anonymous_6)","decl":{"start":{"line":113,"column":60},"end":{"line":113,"column":61}},"loc":{"start":{"line":113,"column":65},"end":{"line":113,"column":81}},"line":113},"7":{"name":"(anonymous_7)","decl":{"start":{"line":150,"column":4},"end":{"line":150,"column":5}},"loc":{"start":{"line":150,"column":46},"end":{"line":212,"column":5}},"line":150},"8":{"name":"(anonymous_8)","decl":{"start":{"line":216,"column":4},"end":{"line":216,"column":5}},"loc":{"start":{"line":216,"column":44},"end":{"line":221,"column":5}},"line":216},"9":{"name":"(anonymous_9)","decl":{"start":{"line":223,"column":4},"end":{"line":223,"column":5}},"loc":{"start":{"line":223,"column":27},"end":{"line":240,"column":5}},"line":223},"10":{"name":"(anonymous_10)","decl":{"start":{"line":242,"column":4},"end":{"line":242,"column":5}},"loc":{"start":{"line":242,"column":31},"end":{"line":260,"column":5}},"line":242},"11":{"name":"(anonymous_11)","decl":{"start":{"line":262,"column":4},"end":{"line":262,"column":5}},"loc":{"start":{"line":262,"column":25},"end":{"line":268,"column":5}},"line":262}},"branchMap":{"0":{"loc":{"start":{"line":13,"column":8},"end":{"line":30,"column":9}},"type":"switch","locations":[{"start":{"line":14,"column":12},"end":{"line":15,"column":58}},{"start":{"line":16,"column":12},"end":{"line":17,"column":52}},{"start":{"line":18,"column":12},"end":{"line":19,"column":53}},{"start":{"line":20,"column":12},"end":{"line":21,"column":54}},{"start":{"line":22,"column":12},"end":{"line":23,"column":54}},{"start":{"line":24,"column":12},"end":{"line":25,"column":71}},{"start":{"line":26,"column":12},"end":{"line":27,"column":57}},{"start":{"line":28,"column":12},"end":{"line":29,"column":61}}],"line":13},"1":{"loc":{"start":{"line":35,"column":8},"end":{"line":35,"column":60}},"type":"if","locations":[{"start":{"line":35,"column":8},"end":{"line":35,"column":60}},{"start":{},"end":{}}],"line":35},"2":{"loc":{"start":{"line":42,"column":28},"end":{"line":42,"column":35}},"type":"default-arg","locations":[{"start":{"line":42,"column":34},"end":{"line":42,"column":35}}],"line":42},"3":{"loc":{"start":{"line":55,"column":8},"end":{"line":57,"column":9}},"type":"if","locations":[{"start":{"line":55,"column":8},"end":{"line":57,"column":9}},{"start":{},"end":{}}],"line":55},"4":{"loc":{"start":{"line":65,"column":8},"end":{"line":67,"column":9}},"type":"if","locations":[{"start":{"line":65,"column":8},"end":{"line":67,"column":9}},{"start":{},"end":{}}],"line":65},"5":{"loc":{"start":{"line":83,"column":71},"end":{"line":83,"column":90}},"type":"binary-expr","locations":[{"start":{"line":83,"column":71},"end":{"line":83,"column":76}},{"start":{"line":83,"column":80},"end":{"line":83,"column":90}}],"line":83},"6":{"loc":{"start":{"line":113,"column":12},"end":{"line":113,"column":83}},"type":"if","locations":[{"start":{"line":113,"column":12},"end":{"line":113,"column":83}},{"start":{},"end":{}}],"line":113},"7":{"loc":{"start":{"line":115,"column":12},"end":{"line":118,"column":13}},"type":"if","locations":[{"start":{"line":115,"column":12},"end":{"line":118,"column":13}},{"start":{},"end":{}}],"line":115},"8":{"loc":{"start":{"line":121,"column":12},"end":{"line":134,"column":13}},"type":"switch","locations":[{"start":{"line":122,"column":16},"end":{"line":124,"column":26}},{"start":{"line":125,"column":16},"end":{"line":127,"column":26}},{"start":{"line":128,"column":16},"end":{"line":131,"column":26}},{"start":{"line":132,"column":16},"end":{"line":133,"column":26}}],"line":121},"9":{"loc":{"start":{"line":151,"column":8},"end":{"line":151,"column":65}},"type":"if","locations":[{"start":{"line":151,"column":8},"end":{"line":151,"column":65}},{"start":{},"end":{}}],"line":151},"10":{"loc":{"start":{"line":153,"column":28},"end":{"line":153,"column":80}},"type":"binary-expr","locations":[{"start":{"line":153,"column":28},"end":{"line":153,"column":43}},{"start":{"line":153,"column":47},"end":{"line":153,"column":59}},{"start":{"line":153,"column":63},"end":{"line":153,"column":75}},{"start":{"line":153,"column":79},"end":{"line":153,"column":80}}],"line":153},"11":{"loc":{"start":{"line":154,"column":107},"end":{"line":154,"column":125}},"type":"binary-expr","locations":[{"start":{"line":154,"column":107},"end":{"line":154,"column":112}},{"start":{"line":154,"column":116},"end":{"line":154,"column":125}}],"line":154},"12":{"loc":{"start":{"line":160,"column":8},"end":{"line":171,"column":9}},"type":"if","locations":[{"start":{"line":160,"column":8},"end":{"line":171,"column":9}},{"start":{"line":166,"column":15},"end":{"line":171,"column":9}}],"line":160},"13":{"loc":{"start":{"line":160,"column":12},"end":{"line":160,"column":45}},"type":"binary-expr","locations":[{"start":{"line":160,"column":12},"end":{"line":160,"column":21}},{"start":{"line":160,"column":25},"end":{"line":160,"column":45}}],"line":160},"14":{"loc":{"start":{"line":162,"column":16},"end":{"line":164,"column":17}},"type":"if","locations":[{"start":{"line":162,"column":16},"end":{"line":164,"column":17}},{"start":{},"end":{}}],"line":162},"15":{"loc":{"start":{"line":162,"column":20},"end":{"line":162,"column":58}},"type":"binary-expr","locations":[{"start":{"line":162,"column":20},"end":{"line":162,"column":32}},{"start":{"line":162,"column":36},"end":{"line":162,"column":58}}],"line":162},"16":{"loc":{"start":{"line":166,"column":15},"end":{"line":171,"column":9}},"type":"if","locations":[{"start":{"line":166,"column":15},"end":{"line":171,"column":9}},{"start":{"line":169,"column":15},"end":{"line":171,"column":9}}],"line":166},"17":{"loc":{"start":{"line":181,"column":23},"end":{"line":181,"column":48}},"type":"binary-expr","locations":[{"start":{"line":181,"column":23},"end":{"line":181,"column":40}},{"start":{"line":181,"column":44},"end":{"line":181,"column":48}}],"line":181},"18":{"loc":{"start":{"line":182,"column":20},"end":{"line":182,"column":40}},"type":"binary-expr","locations":[{"start":{"line":182,"column":20},"end":{"line":182,"column":32}},{"start":{"line":182,"column":36},"end":{"line":182,"column":40}}],"line":182},"19":{"loc":{"start":{"line":193,"column":59},"end":{"line":193,"column":97}},"type":"cond-expr","locations":[{"start":{"line":193,"column":76},"end":{"line":193,"column":85}},{"start":{"line":193,"column":88},"end":{"line":193,"column":97}}],"line":193},"20":{"loc":{"start":{"line":216,"column":20},"end":{"line":216,"column":42}},"type":"default-arg","locations":[{"start":{"line":216,"column":40},"end":{"line":216,"column":42}}],"line":216},"21":{"loc":{"start":{"line":216,"column":22},"end":{"line":216,"column":35}},"type":"default-arg","locations":[{"start":{"line":216,"column":31},"end":{"line":216,"column":35}}],"line":216},"22":{"loc":{"start":{"line":226,"column":8},"end":{"line":228,"column":9}},"type":"if","locations":[{"start":{"line":226,"column":8},"end":{"line":228,"column":9}},{"start":{},"end":{}}],"line":226},"23":{"loc":{"start":{"line":226,"column":12},"end":{"line":226,"column":72}},"type":"binary-expr","locations":[{"start":{"line":226,"column":12},"end":{"line":226,"column":17}},{"start":{"line":226,"column":21},"end":{"line":226,"column":47}},{"start":{"line":226,"column":51},"end":{"line":226,"column":72}}],"line":226},"24":{"loc":{"start":{"line":233,"column":26},"end":{"line":233,"column":51}},"type":"binary-expr","locations":[{"start":{"line":233,"column":26},"end":{"line":233,"column":46}},{"start":{"line":233,"column":50},"end":{"line":233,"column":51}}],"line":233},"25":{"loc":{"start":{"line":234,"column":26},"end":{"line":234,"column":53}},"type":"binary-expr","locations":[{"start":{"line":234,"column":26},"end":{"line":234,"column":46}},{"start":{"line":234,"column":50},"end":{"line":234,"column":53}}],"line":234},"26":{"loc":{"start":{"line":247,"column":12},"end":{"line":253,"column":13}},"type":"if","locations":[{"start":{"line":247,"column":12},"end":{"line":253,"column":13}},{"start":{},"end":{}}],"line":247},"27":{"loc":{"start":{"line":248,"column":16},"end":{"line":252,"column":17}},"type":"if","locations":[{"start":{"line":248,"column":16},"end":{"line":252,"column":17}},{"start":{"line":250,"column":23},"end":{"line":252,"column":17}}],"line":248}},"s":{"0":1,"1":1,"2":1,"3":1,"4":0,"5":0,"6":0,"7":0,"8":0,"9":0,"10":0,"11":0,"12":0,"13":0,"14":0,"15":0,"16":0,"17":0,"18":2,"19":2,"20":2,"21":2,"22":0,"23":0,"24":0,"25":0,"26":2,"27":2,"28":2,"29":2,"30":2,"31":0,"32":0,"33":0,"34":0,"35":0,"36":0,"37":0,"38":0,"39":0,"40":0,"41":0,"42":0,"43":0,"44":0,"45":0,"46":0,"47":0,"48":0,"49":0,"50":2,"51":2,"52":0,"53":2,"54":2,"55":2,"56":2,"57":0,"58":0,"59":0,"60":2,"61":2,"62":0,"63":2,"64":2,"65":2,"66":2,"67":2,"68":2,"69":2,"70":2,"71":2,"72":2,"73":2,"74":2,"75":2,"76":0,"77":0,"78":0,"79":0,"80":0,"81":0,"82":0,"83":0,"84":0,"85":0,"86":0,"87":0,"88":0,"89":0,"90":1},"f":{"0":1,"1":0,"2":0,"3":2,"4":2,"5":0,"6":0,"7":2,"8":0,"9":0,"10":0,"11":0},"b":{"0":[0,0,0,0,0,0,0,0],"1":[0,0],"2":[0],"3":[2,0],"4":[0,0],"5":[2,0],"6":[0,0],"7":[0,0],"8":[0,0,0,0],"9":[0,2],"10":[2,0,0,0],"11":[2,0],"12":[0,2],"13":[2,0],"14":[0,0],"15":[0,0],"16":[2,0],"17":[2,0],"18":[2,0],"19":[0,2],"20":[0],"21":[0],"22":[0,0],"23":[0,0,0],"24":[0,0],"25":[0,0],"26":[0,0],"27":[0,0]},"_coverageSchema":"1a1c01bbd47fc00a2c39e90264f33305004495a9","hash":"b8a3c829234dcc46383e4c5952dfea9d50f01ceb"}
,"D:\\QUARKS_OS\\src\\backend\\src\\agents\\proposal-domain\\index.js": {"path":"D:\\QUARKS_OS\\src\\backend\\src\\agents\\proposal-domain\\index.js","statementMap":{"0":{"start":{"line":1,"column":24},"end":{"line":1,"column":42}},"1":{"start":{"line":2,"column":25},"end":{"line":2,"column":50}},"2":{"start":{"line":3,"column":15},"end":{"line":3,"column":33}},"3":{"start":{"line":4,"column":14},"end":{"line":4,"column":30}},"4":{"start":{"line":5,"column":18},"end":{"line":5,"column":43}},"5":{"start":{"line":9,"column":8},"end":{"line":9,"column":26}},"6":{"start":{"line":13,"column":8},"end":{"line":13,"column":67}},"7":{"start":{"line":15,"column":8},"end":{"line":54,"column":9}},"8":{"start":{"line":18,"column":16},"end":{"line":28,"column":18}},"9":{"start":{"line":30,"column":16},"end":{"line":30,"column":57}},"10":{"start":{"line":32,"column":16},"end":{"line":32,"column":58}},"11":{"start":{"line":34,"column":16},"end":{"line":34,"column":75}},"12":{"start":{"line":36,"column":16},"end":{"line":36,"column":61}},"13":{"start":{"line":40,"column":16},"end":{"line":40,"column":59}},"14":{"start":{"line":42,"column":16},"end":{"line":42,"column":59}},"15":{"start":{"line":44,"column":16},"end":{"line":44,"column":61}},"16":{"start":{"line":46,"column":16},"end":{"line":46,"column":77}},"17":{"start":{"line":50,"column":16},"end":{"line":50,"column":59}},"18":{"start":{"line":53,"column":16},"end":{"line":53,"column":61}},"19":{"start":{"line":60,"column":22},"end":{"line":60,"column":24}},"20":{"start":{"line":61,"column":8},"end":{"line":61,"column":42}},"21":{"start":{"line":61,"column":20},"end":{"line":61,"column":42}},"22":{"start":{"line":62,"column":8},"end":{"line":62,"column":42}},"23":{"start":{"line":62,"column":20},"end":{"line":62,"column":42}},"24":{"start":{"line":63,"column":8},"end":{"line":63,"column":51}},"25":{"start":{"line":63,"column":23},"end":{"line":63,"column":51}},"26":{"start":{"line":65,"column":8},"end":{"line":73,"column":11}},"27":{"start":{"line":77,"column":25},"end":{"line":84,"column":10}},"28":{"start":{"line":85,"column":8},"end":{"line":85,"column":68}},"29":{"start":{"line":85,"column":23},"end":{"line":85,"column":68}},"30":{"start":{"line":86,"column":8},"end":{"line":86,"column":24}},"31":{"start":{"line":100,"column":21},"end":{"line":100,"column":76}},"32":{"start":{"line":101,"column":8},"end":{"line":101,"column":53}},"33":{"start":{"line":101,"column":19},"end":{"line":101,"column":53}},"34":{"start":{"line":103,"column":22},"end":{"line":103,"column":40}},"35":{"start":{"line":106,"column":28},"end":{"line":106,"column":29}},"36":{"start":{"line":107,"column":20},"end":{"line":107,"column":22}},"37":{"start":{"line":109,"column":8},"end":{"line":137,"column":9}},"38":{"start":{"line":110,"column":24},"end":{"line":113,"column":14}},"39":{"start":{"line":114,"column":12},"end":{"line":122,"column":13}},"40":{"start":{"line":115,"column":16},"end":{"line":121,"column":20}},"41":{"start":{"line":115,"column":44},"end":{"line":121,"column":17}},"42":{"start":{"line":123,"column":15},"end":{"line":137,"column":9}},"43":{"start":{"line":125,"column":12},"end":{"line":136,"column":13}},"44":{"start":{"line":126,"column":32},"end":{"line":126,"column":98}},"45":{"start":{"line":127,"column":16},"end":{"line":135,"column":17}},"46":{"start":{"line":128,"column":20},"end":{"line":134,"column":23}},"47":{"start":{"line":139,"column":8},"end":{"line":139,"column":71}},"48":{"start":{"line":139,"column":49},"end":{"line":139,"column":66}},"49":{"start":{"line":142,"column":27},"end":{"line":142,"column":28}},"50":{"start":{"line":143,"column":33},"end":{"line":143,"column":35}},"51":{"start":{"line":146,"column":25},"end":{"line":149,"column":10}},"52":{"start":{"line":152,"column":26},"end":{"line":170,"column":9}},"53":{"start":{"line":154,"column":31},"end":{"line":154,"column":86}},"54":{"start":{"line":154,"column":56},"end":{"line":154,"column":85}},"55":{"start":{"line":155,"column":34},"end":{"line":155,"column":88}},"56":{"start":{"line":155,"column":59},"end":{"line":155,"column":87}},"57":{"start":{"line":156,"column":30},"end":{"line":156,"column":57}},"58":{"start":{"line":158,"column":12},"end":{"line":158,"column":40}},"59":{"start":{"line":158,"column":28},"end":{"line":158,"column":40}},"60":{"start":{"line":161,"column":23},"end":{"line":161,"column":24}},"61":{"start":{"line":162,"column":12},"end":{"line":168,"column":13}},"62":{"start":{"line":163,"column":30},"end":{"line":163,"column":58}},"63":{"start":{"line":163,"column":59},"end":{"line":163,"column":65}},"64":{"start":{"line":164,"column":33},"end":{"line":164,"column":86}},"65":{"start":{"line":164,"column":87},"end":{"line":164,"column":93}},"66":{"start":{"line":165,"column":32},"end":{"line":165,"column":84}},"67":{"start":{"line":165,"column":85},"end":{"line":165,"column":91}},"68":{"start":{"line":167,"column":25},"end":{"line":167,"column":34}},"69":{"start":{"line":169,"column":12},"end":{"line":169,"column":45}},"70":{"start":{"line":172,"column":8},"end":{"line":183,"column":9}},"71":{"start":{"line":173,"column":26},"end":{"line":173,"column":44}},"72":{"start":{"line":174,"column":12},"end":{"line":182,"column":13}},"73":{"start":{"line":175,"column":16},"end":{"line":175,"column":43}},"74":{"start":{"line":176,"column":16},"end":{"line":181,"column":19}},"75":{"start":{"line":188,"column":28},"end":{"line":195,"column":10}},"76":{"start":{"line":197,"column":29},"end":{"line":197,"column":74}},"77":{"start":{"line":198,"column":24},"end":{"line":198,"column":64}},"78":{"start":{"line":209,"column":26},"end":{"line":209,"column":54}},"79":{"start":{"line":210,"column":25},"end":{"line":210,"column":26}},"80":{"start":{"line":213,"column":8},"end":{"line":217,"column":9}},"81":{"start":{"line":214,"column":12},"end":{"line":214,"column":41}},"82":{"start":{"line":216,"column":12},"end":{"line":216,"column":68}},"83":{"start":{"line":219,"column":8},"end":{"line":229,"column":10}},"84":{"start":{"line":234,"column":28},"end":{"line":234,"column":87}},"85":{"start":{"line":235,"column":22},"end":{"line":235,"column":37}},"86":{"start":{"line":237,"column":8},"end":{"line":242,"column":9}},"87":{"start":{"line":238,"column":24},"end":{"line":238,"column":77}},"88":{"start":{"line":239,"column":12},"end":{"line":241,"column":13}},"89":{"start":{"line":240,"column":16},"end":{"line":240,"column":35}},"90":{"start":{"line":245,"column":31},"end":{"line":250,"column":10}},"91":{"start":{"line":253,"column":8},"end":{"line":280,"column":11}},"92":{"start":{"line":284,"column":24},"end":{"line":284,"column":118}},"93":{"start":{"line":285,"column":21},"end":{"line":285,"column":23}},"94":{"start":{"line":287,"column":8},"end":{"line":297,"column":9}},"95":{"start":{"line":288,"column":12},"end":{"line":296,"column":13}},"96":{"start":{"line":289,"column":16},"end":{"line":295,"column":17}},"97":{"start":{"line":290,"column":20},"end":{"line":290,"column":54}},"98":{"start":{"line":291,"column":23},"end":{"line":295,"column":17}},"99":{"start":{"line":292,"column":20},"end":{"line":292,"column":52}},"100":{"start":{"line":294,"column":20},"end":{"line":294,"column":42}},"101":{"start":{"line":300,"column":8},"end":{"line":302,"column":9}},"102":{"start":{"line":301,"column":12},"end":{"line":301,"column":44}},"103":{"start":{"line":304,"column":8},"end":{"line":307,"column":11}},"104":{"start":{"line":312,"column":8},"end":{"line":315,"column":11}},"105":{"start":{"line":321,"column":25},"end":{"line":327,"column":10}},"106":{"start":{"line":328,"column":8},"end":{"line":328,"column":60}},"107":{"start":{"line":330,"column":8},"end":{"line":330,"column":24}},"108":{"start":{"line":334,"column":8},"end":{"line":340,"column":11}},"109":{"start":{"line":344,"column":25},"end":{"line":351,"column":10}},"110":{"start":{"line":354,"column":8},"end":{"line":357,"column":11}},"111":{"start":{"line":359,"column":8},"end":{"line":359,"column":100}},"112":{"start":{"line":360,"column":8},"end":{"line":360,"column":24}},"113":{"start":{"line":364,"column":25},"end":{"line":372,"column":10}},"114":{"start":{"line":375,"column":8},"end":{"line":378,"column":11}},"115":{"start":{"line":380,"column":8},"end":{"line":380,"column":64}},"116":{"start":{"line":381,"column":8},"end":{"line":381,"column":24}},"117":{"start":{"line":389,"column":8},"end":{"line":400,"column":9}},"118":{"start":{"line":390,"column":12},"end":{"line":390,"column":82}},"119":{"start":{"line":391,"column":30},"end":{"line":391,"column":86}},"120":{"start":{"line":392,"column":29},"end":{"line":392,"column":85}},"121":{"start":{"line":393,"column":12},"end":{"line":393,"column":33}},"122":{"start":{"line":395,"column":12},"end":{"line":397,"column":13}},"123":{"start":{"line":396,"column":16},"end":{"line":396,"column":94}},"124":{"start":{"line":398,"column":12},"end":{"line":398,"column":75}},"125":{"start":{"line":399,"column":12},"end":{"line":399,"column":85}},"126":{"start":{"line":404,"column":0},"end":{"line":404,"column":43}}},"fnMap":{"0":{"name":"(anonymous_0)","decl":{"start":{"line":8,"column":4},"end":{"line":8,"column":5}},"loc":{"start":{"line":8,"column":18},"end":{"line":10,"column":5}},"line":8},"1":{"name":"(anonymous_1)","decl":{"start":{"line":12,"column":4},"end":{"line":12,"column":5}},"loc":{"start":{"line":12,"column":35},"end":{"line":55,"column":5}},"line":12},"2":{"name":"(anonymous_2)","decl":{"start":{"line":59,"column":4},"end":{"line":59,"column":5}},"loc":{"start":{"line":59,"column":72},"end":{"line":74,"column":5}},"line":59},"3":{"name":"(anonymous_3)","decl":{"start":{"line":76,"column":4},"end":{"line":76,"column":5}},"loc":{"start":{"line":76,"column":26},"end":{"line":87,"column":5}},"line":76},"4":{"name":"(anonymous_4)","decl":{"start":{"line":99,"column":4},"end":{"line":99,"column":5}},"loc":{"start":{"line":99,"column":80},"end":{"line":230,"column":5}},"line":99},"5":{"name":"(anonymous_5)","decl":{"start":{"line":115,"column":38},"end":{"line":115,"column":39}},"loc":{"start":{"line":115,"column":44},"end":{"line":121,"column":17}},"line":115},"6":{"name":"(anonymous_6)","decl":{"start":{"line":139,"column":37},"end":{"line":139,"column":38}},"loc":{"start":{"line":139,"column":49},"end":{"line":139,"column":66}},"line":139},"7":{"name":"(anonymous_7)","decl":{"start":{"line":152,"column":26},"end":{"line":152,"column":27}},"loc":{"start":{"line":152,"column":39},"end":{"line":170,"column":9}},"line":152},"8":{"name":"(anonymous_8)","decl":{"start":{"line":154,"column":51},"end":{"line":154,"column":52}},"loc":{"start":{"line":154,"column":56},"end":{"line":154,"column":85}},"line":154},"9":{"name":"(anonymous_9)","decl":{"start":{"line":155,"column":54},"end":{"line":155,"column":55}},"loc":{"start":{"line":155,"column":59},"end":{"line":155,"column":87}},"line":155},"10":{"name":"(anonymous_10)","decl":{"start":{"line":232,"column":4},"end":{"line":232,"column":5}},"loc":{"start":{"line":232,"column":118},"end":{"line":281,"column":5}},"line":232},"11":{"name":"(anonymous_11)","decl":{"start":{"line":283,"column":4},"end":{"line":283,"column":5}},"loc":{"start":{"line":283,"column":35},"end":{"line":308,"column":5}},"line":283},"12":{"name":"(anonymous_12)","decl":{"start":{"line":310,"column":4},"end":{"line":310,"column":5}},"loc":{"start":{"line":310,"column":29},"end":{"line":316,"column":5}},"line":310},"13":{"name":"(anonymous_13)","decl":{"start":{"line":320,"column":4},"end":{"line":320,"column":5}},"loc":{"start":{"line":320,"column":27},"end":{"line":331,"column":5}},"line":320},"14":{"name":"(anonymous_14)","decl":{"start":{"line":333,"column":4},"end":{"line":333,"column":5}},"loc":{"start":{"line":333,"column":27},"end":{"line":341,"column":5}},"line":333},"15":{"name":"(anonymous_15)","decl":{"start":{"line":343,"column":4},"end":{"line":343,"column":5}},"loc":{"start":{"line":343,"column":29},"end":{"line":361,"column":5}},"line":343},"16":{"name":"(anonymous_16)","decl":{"start":{"line":363,"column":4},"end":{"line":363,"column":5}},"loc":{"start":{"line":363,"column":37},"end":{"line":382,"column":5}},"line":363},"17":{"name":"(anonymous_17)","decl":{"start":{"line":388,"column":4},"end":{"line":388,"column":5}},"loc":{"start":{"line":388,"column":32},"end":{"line":401,"column":5}},"line":388}},"branchMap":{"0":{"loc":{"start":{"line":15,"column":8},"end":{"line":54,"column":9}},"type":"switch","locations":[{"start":{"line":17,"column":12},"end":{"line":28,"column":18}},{"start":{"line":29,"column":12},"end":{"line":30,"column":57}},{"start":{"line":31,"column":12},"end":{"line":32,"column":58}},{"start":{"line":33,"column":12},"end":{"line":34,"column":75}},{"start":{"line":35,"column":12},"end":{"line":36,"column":61}},{"start":{"line":39,"column":12},"end":{"line":40,"column":59}},{"start":{"line":41,"column":12},"end":{"line":42,"column":59}},{"start":{"line":43,"column":12},"end":{"line":44,"column":61}},{"start":{"line":45,"column":12},"end":{"line":46,"column":77}},{"start":{"line":49,"column":12},"end":{"line":50,"column":59}},{"start":{"line":52,"column":12},"end":{"line":53,"column":61}}],"line":15},"1":{"loc":{"start":{"line":19,"column":20},"end":{"line":19,"column":54}},"type":"binary-expr","locations":[{"start":{"line":19,"column":20},"end":{"line":19,"column":34}},{"start":{"line":19,"column":38},"end":{"line":19,"column":54}}],"line":19},"2":{"loc":{"start":{"line":21,"column":20},"end":{"line":21,"column":52}},"type":"binary-expr","locations":[{"start":{"line":21,"column":20},"end":{"line":21,"column":33}},{"start":{"line":21,"column":37},"end":{"line":21,"column":52}}],"line":21},"3":{"loc":{"start":{"line":27,"column":20},"end":{"line":27,"column":60}},"type":"binary-expr","locations":[{"start":{"line":27,"column":20},"end":{"line":27,"column":37}},{"start":{"line":27,"column":41},"end":{"line":27,"column":60}}],"line":27},"4":{"loc":{"start":{"line":59,"column":24},"end":{"line":59,"column":70}},"type":"default-arg","locations":[{"start":{"line":59,"column":68},"end":{"line":59,"column":70}}],"line":59},"5":{"loc":{"start":{"line":59,"column":53},"end":{"line":59,"column":63}},"type":"default-arg","locations":[{"start":{"line":59,"column":61},"end":{"line":59,"column":63}}],"line":59},"6":{"loc":{"start":{"line":61,"column":8},"end":{"line":61,"column":42}},"type":"if","locations":[{"start":{"line":61,"column":8},"end":{"line":61,"column":42}},{"start":{},"end":{}}],"line":61},"7":{"loc":{"start":{"line":62,"column":8},"end":{"line":62,"column":42}},"type":"if","locations":[{"start":{"line":62,"column":8},"end":{"line":62,"column":42}},{"start":{},"end":{}}],"line":62},"8":{"loc":{"start":{"line":63,"column":8},"end":{"line":63,"column":51}},"type":"if","locations":[{"start":{"line":63,"column":8},"end":{"line":63,"column":51}},{"start":{},"end":{}}],"line":63},"9":{"loc":{"start":{"line":85,"column":8},"end":{"line":85,"column":68}},"type":"if","locations":[{"start":{"line":85,"column":8},"end":{"line":85,"column":68}},{"start":{},"end":{}}],"line":85},"10":{"loc":{"start":{"line":101,"column":8},"end":{"line":101,"column":53}},"type":"if","locations":[{"start":{"line":101,"column":8},"end":{"line":101,"column":53}},{"start":{},"end":{}}],"line":101},"11":{"loc":{"start":{"line":103,"column":22},"end":{"line":103,"column":40}},"type":"binary-expr","locations":[{"start":{"line":103,"column":22},"end":{"line":103,"column":32}},{"start":{"line":103,"column":36},"end":{"line":103,"column":40}}],"line":103},"12":{"loc":{"start":{"line":109,"column":8},"end":{"line":137,"column":9}},"type":"if","locations":[{"start":{"line":109,"column":8},"end":{"line":137,"column":9}},{"start":{"line":123,"column":15},"end":{"line":137,"column":9}}],"line":109},"13":{"loc":{"start":{"line":114,"column":12},"end":{"line":122,"column":13}},"type":"if","locations":[{"start":{"line":114,"column":12},"end":{"line":122,"column":13}},{"start":{},"end":{}}],"line":114},"14":{"loc":{"start":{"line":123,"column":15},"end":{"line":137,"column":9}},"type":"if","locations":[{"start":{"line":123,"column":15},"end":{"line":137,"column":9}},{"start":{},"end":{}}],"line":123},"15":{"loc":{"start":{"line":123,"column":19},"end":{"line":123,"column":56}},"type":"binary-expr","locations":[{"start":{"line":123,"column":19},"end":{"line":123,"column":30}},{"start":{"line":123,"column":34},"end":{"line":123,"column":56}}],"line":123},"16":{"loc":{"start":{"line":127,"column":16},"end":{"line":135,"column":17}},"type":"if","locations":[{"start":{"line":127,"column":16},"end":{"line":135,"column":17}},{"start":{},"end":{}}],"line":127},"17":{"loc":{"start":{"line":154,"column":56},"end":{"line":154,"column":85}},"type":"binary-expr","locations":[{"start":{"line":154,"column":56},"end":{"line":154,"column":73}},{"start":{"line":154,"column":77},"end":{"line":154,"column":85}}],"line":154},"18":{"loc":{"start":{"line":155,"column":59},"end":{"line":155,"column":87}},"type":"binary-expr","locations":[{"start":{"line":155,"column":59},"end":{"line":155,"column":75}},{"start":{"line":155,"column":79},"end":{"line":155,"column":87}}],"line":155},"19":{"loc":{"start":{"line":156,"column":30},"end":{"line":156,"column":57}},"type":"binary-expr","locations":[{"start":{"line":156,"column":30},"end":{"line":156,"column":40}},{"start":{"line":156,"column":44},"end":{"line":156,"column":57}}],"line":156},"20":{"loc":{"start":{"line":158,"column":12},"end":{"line":158,"column":40}},"type":"if","locations":[{"start":{"line":158,"column":12},"end":{"line":158,"column":40}},{"start":{},"end":{}}],"line":158},"21":{"loc":{"start":{"line":162,"column":12},"end":{"line":168,"column":13}},"type":"switch","locations":[{"start":{"line":163,"column":16},"end":{"line":163,"column":65}},{"start":{"line":164,"column":16},"end":{"line":164,"column":93}},{"start":{"line":165,"column":16},"end":{"line":165,"column":91}},{"start":{"line":167,"column":16},"end":{"line":167,"column":34}}],"line":162},"22":{"loc":{"start":{"line":174,"column":12},"end":{"line":182,"column":13}},"type":"if","locations":[{"start":{"line":174,"column":12},"end":{"line":182,"column":13}},{"start":{},"end":{}}],"line":174},"23":{"loc":{"start":{"line":174,"column":16},"end":{"line":174,"column":39}},"type":"binary-expr","locations":[{"start":{"line":174,"column":16},"end":{"line":174,"column":21}},{"start":{"line":174,"column":25},"end":{"line":174,"column":39}}],"line":174},"24":{"loc":{"start":{"line":197,"column":29},"end":{"line":197,"column":74}},"type":"cond-expr","locations":[{"start":{"line":197,"column":43},"end":{"line":197,"column":67}},{"start":{"line":197,"column":70},"end":{"line":197,"column":74}}],"line":197},"25":{"loc":{"start":{"line":198,"column":24},"end":{"line":198,"column":64}},"type":"cond-expr","locations":[{"start":{"line":198,"column":38},"end":{"line":198,"column":57}},{"start":{"line":198,"column":60},"end":{"line":198,"column":64}}],"line":198},"26":{"loc":{"start":{"line":213,"column":8},"end":{"line":217,"column":9}},"type":"if","locations":[{"start":{"line":213,"column":8},"end":{"line":217,"column":9}},{"start":{"line":215,"column":15},"end":{"line":217,"column":9}}],"line":213},"27":{"loc":{"start":{"line":228,"column":29},"end":{"line":228,"column":59}},"type":"binary-expr","locations":[{"start":{"line":228,"column":29},"end":{"line":228,"column":46}},{"start":{"line":228,"column":50},"end":{"line":228,"column":59}}],"line":228},"28":{"loc":{"start":{"line":234,"column":28},"end":{"line":234,"column":87}},"type":"binary-expr","locations":[{"start":{"line":234,"column":28},"end":{"line":234,"column":53}},{"start":{"line":234,"column":57},"end":{"line":234,"column":80}},{"start":{"line":234,"column":84},"end":{"line":234,"column":87}}],"line":234},"29":{"loc":{"start":{"line":237,"column":8},"end":{"line":242,"column":9}},"type":"if","locations":[{"start":{"line":237,"column":8},"end":{"line":242,"column":9}},{"start":{},"end":{}}],"line":237},"30":{"loc":{"start":{"line":239,"column":12},"end":{"line":241,"column":13}},"type":"if","locations":[{"start":{"line":239,"column":12},"end":{"line":241,"column":13}},{"start":{},"end":{}}],"line":239},"31":{"loc":{"start":{"line":262,"column":42},"end":{"line":262,"column":112}},"type":"binary-expr","locations":[{"start":{"line":262,"column":42},"end":{"line":262,"column":74}},{"start":{"line":262,"column":78},"end":{"line":262,"column":107}},{"start":{"line":262,"column":111},"end":{"line":262,"column":112}}],"line":262},"32":{"loc":{"start":{"line":263,"column":43},"end":{"line":263,"column":75}},"type":"binary-expr","locations":[{"start":{"line":263,"column":43},"end":{"line":263,"column":70}},{"start":{"line":263,"column":74},"end":{"line":263,"column":75}}],"line":263},"33":{"loc":{"start":{"line":278,"column":27},"end":{"line":278,"column":48}},"type":"binary-expr","locations":[{"start":{"line":278,"column":27},"end":{"line":278,"column":36}},{"start":{"line":278,"column":40},"end":{"line":278,"column":48}}],"line":278},"34":{"loc":{"start":{"line":288,"column":12},"end":{"line":296,"column":13}},"type":"if","locations":[{"start":{"line":288,"column":12},"end":{"line":296,"column":13}},{"start":{},"end":{}}],"line":288},"35":{"loc":{"start":{"line":289,"column":16},"end":{"line":295,"column":17}},"type":"if","locations":[{"start":{"line":289,"column":16},"end":{"line":295,"column":17}},{"start":{"line":291,"column":23},"end":{"line":295,"column":17}}],"line":289},"36":{"loc":{"start":{"line":291,"column":23},"end":{"line":295,"column":17}},"type":"if","locations":[{"start":{"line":291,"column":23},"end":{"line":295,"column":17}},{"start":{"line":293,"column":23},"end":{"line":295,"column":17}}],"line":291},"37":{"loc":{"start":{"line":300,"column":8},"end":{"line":302,"column":9}},"type":"if","locations":[{"start":{"line":300,"column":8},"end":{"line":302,"column":9}},{"start":{},"end":{}}],"line":300},"38":{"loc":{"start":{"line":300,"column":12},"end":{"line":300,"column":76}},"type":"binary-expr","locations":[{"start":{"line":300,"column":12},"end":{"line":300,"column":27}},{"start":{"line":300,"column":31},"end":{"line":300,"column":51}},{"start":{"line":300,"column":55},"end":{"line":300,"column":76}}],"line":300},"39":{"loc":{"start":{"line":369,"column":33},"end":{"line":369,"column":47}},"type":"binary-expr","locations":[{"start":{"line":369,"column":33},"end":{"line":369,"column":39}},{"start":{"line":369,"column":43},"end":{"line":369,"column":47}}],"line":369},"40":{"loc":{"start":{"line":391,"column":30},"end":{"line":391,"column":86}},"type":"binary-expr","locations":[{"start":{"line":391,"column":30},"end":{"line":391,"column":59}},{"start":{"line":391,"column":63},"end":{"line":391,"column":86}}],"line":391},"41":{"loc":{"start":{"line":395,"column":12},"end":{"line":397,"column":13}},"type":"if","locations":[{"start":{"line":395,"column":12},"end":{"line":397,"column":13}},{"start":{},"end":{}}],"line":395}},"s":{"0":1,"1":1,"2":1,"3":1,"4":1,"5":1,"6":0,"7":0,"8":0,"9":0,"10":0,"11":0,"12":0,"13":0,"14":0,"15":0,"16":0,"17":0,"18":0,"19":0,"20":0,"21":0,"22":0,"23":0,"24":0,"25":0,"26":0,"27":0,"28":0,"29":0,"30":0,"31":2,"32":2,"33":0,"34":2,"35":2,"36":2,"37":2,"38":2,"39":2,"40":2,"41":3,"42":0,"43":0,"44":0,"45":0,"46":0,"47":2,"48":3,"49":2,"50":2,"51":2,"52":2,"53":1,"54":1,"55":1,"56":1,"57":1,"58":1,"59":0,"60":1,"61":1,"62":1,"63":1,"64":0,"65":0,"66":0,"67":0,"68":0,"69":1,"70":2,"71":1,"72":1,"73":1,"74":1,"75":2,"76":2,"77":2,"78":2,"79":2,"80":2,"81":0,"82":2,"83":2,"84":1,"85":1,"86":1,"87":1,"88":1,"89":1,"90":1,"91":1,"92":0,"93":0,"94":0,"95":0,"96":0,"97":0,"98":0,"99":0,"100":0,"101":0,"102":0,"103":0,"104":0,"105":0,"106":0,"107":0,"108":0,"109":0,"110":0,"111":0,"112":0,"113":0,"114":0,"115":0,"116":0,"117":0,"118":0,"119":0,"120":0,"121":0,"122":0,"123":0,"124":0,"125":0,"126":1},"f":{"0":1,"1":0,"2":0,"3":0,"4":2,"5":3,"6":3,"7":1,"8":1,"9":1,"10":1,"11":0,"12":0,"13":0,"14":0,"15":0,"16":0,"17":0},"b":{"0":[0,0,0,0,0,0,0,0,0,0,0],"1":[0,0],"2":[0,0],"3":[0,0],"4":[0],"5":[0],"6":[0,0],"7":[0,0],"8":[0,0],"9":[0,0],"10":[0,2],"11":[2,0],"12":[2,0],"13":[2,0],"14":[0,0],"15":[0,0],"16":[0,0],"17":[1,0],"18":[1,1],"19":[1,1],"20":[0,1],"21":[1,0,0,0],"22":[1,0],"23":[1,1],"24":[2,0],"25":[2,0],"26":[0,2],"27":[2,1],"28":[1,0,0],"29":[1,0],"30":[1,0],"31":[1,1,1],"32":[1,1],"33":[1,1],"34":[0,0],"35":[0,0],"36":[0,0],"37":[0,0],"38":[0,0,0],"39":[0,0],"40":[0,0],"41":[0,0]},"_coverageSchema":"1a1c01bbd47fc00a2c39e90264f33305004495a9","hash":"0df9568fff713fc327468ffd9e3c6357e6d59183"}
}
