TN:
SF:src\agents\base.js
FN:2,(anonymous_0)
FN:6,(anonymous_1)
FNF:2
FNH:1
FNDA:4,(anonymous_0)
FNDA:0,(anonymous_1)
DA:3,4
DA:7,0
DA:8,0
DA:12,3
LF:4
LH:2
BRF:0
BRH:0
end_of_record
TN:
SF:src\agents\calc-domain\index.js
FN:5,(anonymous_0)
FN:10,(anonymous_1)
FN:25,(anonymous_2)
FN:48,(anonymous_3)
FN:71,(anonymous_4)
FNF:5
FNH:2
FNDA:2,(anonymous_0)
FNDA:0,(anonymous_1)
FNDA:2,(anonymous_2)
FNDA:0,(anonymous_3)
FNDA:0,(anonymous_4)
DA:1,2
DA:2,2
DA:6,2
DA:7,2
DA:11,0
DA:13,0
DA:15,0
DA:17,0
DA:19,0
DA:21,0
DA:26,2
DA:28,2
DA:33,1
DA:34,1
DA:42,1
DA:44,1
DA:49,0
DA:50,0
DA:52,0
DA:54,0
DA:60,0
DA:65,0
DA:66,0
DA:67,0
DA:72,0
DA:73,0
DA:76,0
DA:77,0
DA:78,0
DA:79,0
DA:80,0
DA:83,0
DA:90,0
DA:96,0
DA:97,0
DA:100,0
DA:105,2
LF:37
LH:11
BRDA:7,0,0,2
BRDA:7,0,1,2
BRDA:13,1,0,0
BRDA:13,1,1,0
BRDA:13,1,2,0
BRDA:13,1,3,0
BRDA:66,2,0,0
BRDA:66,2,1,0
BRDA:77,3,0,0
BRDA:77,3,1,0
BRDA:77,4,0,0
BRDA:77,4,1,0
BRDA:79,5,0,0
BRDA:79,5,1,0
BRDA:79,6,0,0
BRDA:79,6,1,0
BRDA:97,7,0,0
BRDA:97,7,1,0
BRF:18
BRH:2
end_of_record
TN:
SF:src\agents\pricing-domain\index.js
FN:6,(anonymous_0)
FN:10,(anonymous_1)
FN:33,(anonymous_2)
FN:42,(anonymous_3)
FN:82,(anonymous_4)
FN:112,(anonymous_5)
FN:113,(anonymous_6)
FN:150,(anonymous_7)
FN:216,(anonymous_8)
FN:223,(anonymous_9)
FN:242,(anonymous_10)
FN:262,(anonymous_11)
FNF:12
FNH:4
FNDA:1,(anonymous_0)
FNDA:0,(anonymous_1)
FNDA:0,(anonymous_2)
FNDA:2,(anonymous_3)
FNDA:2,(anonymous_4)
FNDA:0,(anonymous_5)
FNDA:0,(anonymous_6)
FNDA:2,(anonymous_7)
FNDA:0,(anonymous_8)
FNDA:0,(anonymous_9)
FNDA:0,(anonymous_10)
FNDA:0,(anonymous_11)
DA:1,1
DA:2,1
DA:3,1
DA:7,1
DA:11,0
DA:13,0
DA:15,0
DA:17,0
DA:19,0
DA:21,0
DA:23,0
DA:25,0
DA:27,0
DA:29,0
DA:34,0
DA:35,0
DA:36,0
DA:43,2
DA:46,2
DA:55,2
DA:56,2
DA:60,0
DA:65,0
DA:66,0
DA:70,0
DA:83,2
DA:86,2
DA:104,2
DA:105,2
DA:107,2
DA:112,0
DA:113,0
DA:115,0
DA:116,0
DA:117,0
DA:120,0
DA:121,0
DA:123,0
DA:124,0
DA:126,0
DA:127,0
DA:130,0
DA:131,0
DA:133,0
DA:136,0
DA:137,0
DA:144,2
DA:151,2
DA:153,2
DA:154,2
DA:157,2
DA:160,2
DA:161,0
DA:162,0
DA:163,0
DA:166,2
DA:168,2
DA:170,0
DA:173,2
DA:176,2
DA:177,2
DA:180,2
DA:181,2
DA:182,2
DA:186,2
DA:189,2
DA:190,2
DA:192,2
DA:193,2
DA:194,2
DA:196,2
DA:217,0
DA:224,0
DA:226,0
DA:227,0
DA:230,0
DA:243,0
DA:244,0
DA:246,0
DA:247,0
DA:248,0
DA:249,0
DA:251,0
DA:256,0
DA:264,0
DA:271,1
LF:86
LH:35
BRDA:13,0,0,0
BRDA:13,0,1,0
BRDA:13,0,2,0
BRDA:13,0,3,0
BRDA:13,0,4,0
BRDA:13,0,5,0
BRDA:13,0,6,0
BRDA:13,0,7,0
BRDA:35,1,0,0
BRDA:35,1,1,0
BRDA:42,2,0,0
BRDA:55,3,0,2
BRDA:55,3,1,0
BRDA:65,4,0,0
BRDA:65,4,1,0
BRDA:83,5,0,2
BRDA:83,5,1,0
BRDA:113,6,0,0
BRDA:113,6,1,0
BRDA:115,7,0,0
BRDA:115,7,1,0
BRDA:121,8,0,0
BRDA:121,8,1,0
BRDA:121,8,2,0
BRDA:121,8,3,0
BRDA:151,9,0,0
BRDA:151,9,1,2
BRDA:153,10,0,2
BRDA:153,10,1,0
BRDA:153,10,2,0
BRDA:153,10,3,0
BRDA:154,11,0,2
BRDA:154,11,1,0
BRDA:160,12,0,0
BRDA:160,12,1,2
BRDA:160,13,0,2
BRDA:160,13,1,0
BRDA:162,14,0,0
BRDA:162,14,1,0
BRDA:162,15,0,0
BRDA:162,15,1,0
BRDA:166,16,0,2
BRDA:166,16,1,0
BRDA:181,17,0,2
BRDA:181,17,1,0
BRDA:182,18,0,2
BRDA:182,18,1,0
BRDA:193,19,0,0
BRDA:193,19,1,2
BRDA:216,20,0,0
BRDA:216,21,0,0
BRDA:226,22,0,0
BRDA:226,22,1,0
BRDA:226,23,0,0
BRDA:226,23,1,0
BRDA:226,23,2,0
BRDA:233,24,0,0
BRDA:233,24,1,0
BRDA:234,25,0,0
BRDA:234,25,1,0
BRDA:247,26,0,0
BRDA:247,26,1,0
BRDA:248,27,0,0
BRDA:248,27,1,0
BRF:64
BRH:11
end_of_record
TN:
SF:src\agents\proposal-domain\index.js
FN:8,(anonymous_0)
FN:12,(anonymous_1)
FN:59,(anonymous_2)
FN:76,(anonymous_3)
FN:99,(anonymous_4)
FN:115,(anonymous_5)
FN:139,(anonymous_6)
FN:152,(anonymous_7)
FN:154,(anonymous_8)
FN:155,(anonymous_9)
FN:232,(anonymous_10)
FN:283,(anonymous_11)
FN:310,(anonymous_12)
FN:320,(anonymous_13)
FN:333,(anonymous_14)
FN:343,(anonymous_15)
FN:363,(anonymous_16)
FN:388,(anonymous_17)
FNF:18
FNH:8
FNDA:1,(anonymous_0)
FNDA:0,(anonymous_1)
FNDA:0,(anonymous_2)
FNDA:0,(anonymous_3)
FNDA:2,(anonymous_4)
FNDA:3,(anonymous_5)
FNDA:3,(anonymous_6)
FNDA:1,(anonymous_7)
FNDA:1,(anonymous_8)
FNDA:1,(anonymous_9)
FNDA:1,(anonymous_10)
FNDA:0,(anonymous_11)
FNDA:0,(anonymous_12)
FNDA:0,(anonymous_13)
FNDA:0,(anonymous_14)
FNDA:0,(anonymous_15)
FNDA:0,(anonymous_16)
FNDA:0,(anonymous_17)
DA:1,1
DA:2,1
DA:3,1
DA:4,1
DA:5,1
DA:9,1
DA:13,0
DA:15,0
DA:18,0
DA:30,0
DA:32,0
DA:34,0
DA:36,0
DA:40,0
DA:42,0
DA:44,0
DA:46,0
DA:50,0
DA:53,0
DA:60,0
DA:61,0
DA:62,0
DA:63,0
DA:65,0
DA:77,0
DA:85,0
DA:86,0
DA:100,2
DA:101,2
DA:103,2
DA:106,2
DA:107,2
DA:109,2
DA:110,2
DA:114,2
DA:115,3
DA:123,0
DA:125,0
DA:126,0
DA:127,0
DA:128,0
DA:139,3
DA:142,2
DA:143,2
DA:146,2
DA:152,2
DA:154,1
DA:155,1
DA:156,1
DA:158,1
DA:161,1
DA:162,1
DA:163,1
DA:164,0
DA:165,0
DA:167,0
DA:169,1
DA:172,2
DA:173,1
DA:174,1
DA:175,1
DA:176,1
DA:188,2
DA:197,2
DA:198,2
DA:209,2
DA:210,2
DA:213,2
DA:214,0
DA:216,2
DA:219,2
DA:234,1
DA:235,1
DA:237,1
DA:238,1
DA:239,1
DA:240,1
DA:245,1
DA:253,1
DA:284,0
DA:285,0
DA:287,0
DA:288,0
DA:289,0
DA:290,0
DA:291,0
DA:292,0
DA:294,0
DA:300,0
DA:301,0
DA:304,0
DA:312,0
DA:321,0
DA:328,0
DA:330,0
DA:334,0
DA:344,0
DA:354,0
DA:359,0
DA:360,0
DA:364,0
DA:375,0
DA:380,0
DA:381,0
DA:389,0
DA:390,0
DA:391,0
DA:392,0
DA:393,0
DA:395,0
DA:396,0
DA:398,0
DA:399,0
DA:404,1
LF:114
LH:50
BRDA:15,0,0,0
BRDA:15,0,1,0
BRDA:15,0,2,0
BRDA:15,0,3,0
BRDA:15,0,4,0
BRDA:15,0,5,0
BRDA:15,0,6,0
BRDA:15,0,7,0
BRDA:15,0,8,0
BRDA:15,0,9,0
BRDA:15,0,10,0
BRDA:19,1,0,0
BRDA:19,1,1,0
BRDA:21,2,0,0
BRDA:21,2,1,0
BRDA:27,3,0,0
BRDA:27,3,1,0
BRDA:59,4,0,0
BRDA:59,5,0,0
BRDA:61,6,0,0
BRDA:61,6,1,0
BRDA:62,7,0,0
BRDA:62,7,1,0
BRDA:63,8,0,0
BRDA:63,8,1,0
BRDA:85,9,0,0
BRDA:85,9,1,0
BRDA:101,10,0,0
BRDA:101,10,1,2
BRDA:103,11,0,2
BRDA:103,11,1,0
BRDA:109,12,0,2
BRDA:109,12,1,0
BRDA:114,13,0,2
BRDA:114,13,1,0
BRDA:123,14,0,0
BRDA:123,14,1,0
BRDA:123,15,0,0
BRDA:123,15,1,0
BRDA:127,16,0,0
BRDA:127,16,1,0
BRDA:154,17,0,1
BRDA:154,17,1,0
BRDA:155,18,0,1
BRDA:155,18,1,1
BRDA:156,19,0,1
BRDA:156,19,1,1
BRDA:158,20,0,0
BRDA:158,20,1,1
BRDA:162,21,0,1
BRDA:162,21,1,0
BRDA:162,21,2,0
BRDA:162,21,3,0
BRDA:174,22,0,1
BRDA:174,22,1,0
BRDA:174,23,0,1
BRDA:174,23,1,1
BRDA:197,24,0,2
BRDA:197,24,1,0
BRDA:198,25,0,2
BRDA:198,25,1,0
BRDA:213,26,0,0
BRDA:213,26,1,2
BRDA:228,27,0,2
BRDA:228,27,1,1
BRDA:234,28,0,1
BRDA:234,28,1,0
BRDA:234,28,2,0
BRDA:237,29,0,1
BRDA:237,29,1,0
BRDA:239,30,0,1
BRDA:239,30,1,0
BRDA:262,31,0,1
BRDA:262,31,1,1
BRDA:262,31,2,1
BRDA:263,32,0,1
BRDA:263,32,1,1
BRDA:278,33,0,1
BRDA:278,33,1,1
BRDA:288,34,0,0
BRDA:288,34,1,0
BRDA:289,35,0,0
BRDA:289,35,1,0
BRDA:291,36,0,0
BRDA:291,36,1,0
BRDA:300,37,0,0
BRDA:300,37,1,0
BRDA:300,38,0,0
BRDA:300,38,1,0
BRDA:300,38,2,0
BRDA:369,39,0,0
BRDA:369,39,1,0
BRDA:391,40,0,0
BRDA:391,40,1,0
BRDA:395,41,0,0
BRDA:395,41,1,0
BRF:96
BRH:29
end_of_record
